<?xml version="1.0" encoding="UTF-8"?>
<testng-results ignored="0" total="1" passed="1" failed="0" skipped="0">
  <reporter-output>
  </reporter-output>
  <suite started-at="2023-12-29T12:24:36 IST" name="Default suite" finished-at="2023-12-29T12:25:37 IST" duration-ms="60348">
    <groups>
    </groups>
    <test started-at="2023-12-29T12:24:36 IST" name="Default test" finished-at="2023-12-29T12:25:37 IST" duration-ms="60348">
      <class name="Siva_Nandhu_TestNG.Asics_Project">
        <test-method signature="frameWork()[pri:0, instance:Siva_Nandhu_TestNG.Asics_Project@49912c99]" started-at="2023-12-29T12:24:36 IST" name="frameWork" finished-at="2023-12-29T12:25:37 IST" duration-ms="60255" status="PASS">
          <reporter-output>
          </reporter-output>
        </test-method> <!-- frameWork -->
      </class> <!-- Siva_Nandhu_TestNG.Asics_Project -->
    </test> <!-- Default test -->
  </suite> <!-- Default suite -->
</testng-results>
