<?xml version="1.0" encoding="UTF-8"?>
<!-- Generated by org.testng.reporters.JUnitXMLReporter -->
<testsuite ignored="0" hostname="Desktop-LakshmananU" failures="0" tests="3" name="Test" time="41.363" errors="0" timestamp="2023-12-12T16:13:04 IST">
  <testcase classname="Siva_Nandhu_TestNG.Nandhu_Para_TestNG" name="parameter_001" time="16.733"/>
  <testcase classname="Siva_Nandhu_TestNG.Nandhu_Para_TestNG" name="parameter_002" time="9.716"/>
  <testcase classname="Siva_Nandhu_TestNG.Nandhu_Para_TestNG" name="parameter_003" time="14.583"/>
</testsuite> <!-- Test -->
