<?xml version="1.0" encoding="UTF-8"?>
<!-- Generated by org.testng.reporters.JUnitXMLReporter -->
<testsuite ignored="6" hostname="Desktop-LakshmananU" failures="0" tests="3" name="Test" time="4.074" errors="0" timestamp="2023-12-02T16:05:13 IST">
  <testcase classname="Siva_Nandhu_TestNG.Group_System" name="registerlogin1" time="3.966"/>
  <testcase classname="Siva_Nandhu_TestNG.Group_Execution" name="registerlogin1" time="3.985"/>
  <testcase classname="Siva_Nandhu_TestNG.Group_Register" name="registerlogin1" time="4.031"/>
  <testcase classname="Siva_Nandhu_TestNG.Group_Register" name="registerlogin2" time="0.0">
    <ignored/>
  </testcase> <!-- registerlogin2 -->
  <testcase classname="Siva_Nandhu_TestNG.Group_System" name="registerlogin3" time="0.0">
    <ignored/>
  </testcase> <!-- registerlogin3 -->
  <testcase classname="Siva_Nandhu_TestNG.Group_Register" name="registerlogin3" time="0.0">
    <ignored/>
  </testcase> <!-- registerlogin3 -->
  <testcase classname="Siva_Nandhu_TestNG.Group_System" name="registerlogin2" time="0.0">
    <ignored/>
  </testcase> <!-- registerlogin2 -->
  <testcase classname="Siva_Nandhu_TestNG.Group_Execution" name="registerlogin2" time="0.0">
    <ignored/>
  </testcase> <!-- registerlogin2 -->
  <testcase classname="Siva_Nandhu_TestNG.Group_Execution" name="registerlogin3" time="0.0">
    <ignored/>
  </testcase> <!-- registerlogin3 -->
</testsuite> <!-- Test -->
